mode: set
github.com/mrrc/minion-tracker/db.go:12.26,15.16 3 0
github.com/mrrc/minion-tracker/db.go:15.16,17.3 1 0
github.com/mrrc/minion-tracker/db.go:19.2,32.16 2 0
github.com/mrrc/minion-tracker/db.go:32.16,34.3 1 0
github.com/mrrc/minion-tracker/db.go:37.36,43.16 2 1
github.com/mrrc/minion-tracker/db.go:43.16,45.3 1 0
github.com/mrrc/minion-tracker/db.go:46.2,47.12 2 1
github.com/mrrc/minion-tracker/db.go:50.43,55.2 3 1
github.com/mrrc/minion-tracker/db.go:57.44,59.16 2 1
github.com/mrrc/minion-tracker/db.go:59.16,61.3 1 0
github.com/mrrc/minion-tracker/db.go:62.2,65.18 3 1
github.com/mrrc/minion-tracker/db.go:65.18,67.118 2 1
github.com/mrrc/minion-tracker/db.go:67.118,69.4 1 0
github.com/mrrc/minion-tracker/db.go:70.3,70.31 1 1
github.com/mrrc/minion-tracker/db.go:72.2,72.28 1 1
github.com/mrrc/minion-tracker/db.go:75.36,81.2 2 1
github.com/mrrc/minion-tracker/db.go:83.35,86.2 2 1
github.com/mrrc/minion-tracker/db.go:88.53,90.16 2 1
github.com/mrrc/minion-tracker/db.go:90.16,92.3 1 0
github.com/mrrc/minion-tracker/db.go:93.2,93.22 1 1
github.com/mrrc/minion-tracker/main.go:16.22,18.29 1 1
github.com/mrrc/minion-tracker/main.go:18.29,18.45 1 1
github.com/mrrc/minion-tracker/main.go:19.30,19.47 1 1
github.com/mrrc/minion-tracker/main.go:21.2,23.3 1 1
github.com/mrrc/minion-tracker/main.go:26.13,43.2 14 0
github.com/mrrc/minion-tracker/main.go:45.58,47.16 2 1
github.com/mrrc/minion-tracker/main.go:47.16,50.3 2 0
github.com/mrrc/minion-tracker/main.go:51.2,52.46 2 1
github.com/mrrc/minion-tracker/main.go:55.59,70.40 6 0
github.com/mrrc/minion-tracker/main.go:70.40,73.3 2 0
github.com/mrrc/minion-tracker/main.go:74.2,74.42 1 0
github.com/mrrc/minion-tracker/main.go:77.61,80.16 3 0
github.com/mrrc/minion-tracker/main.go:80.16,83.3 2 0
github.com/mrrc/minion-tracker/main.go:84.2,84.43 1 0
github.com/mrrc/minion-tracker/main.go:87.59,106.40 8 0
github.com/mrrc/minion-tracker/main.go:106.40,109.3 2 0
github.com/mrrc/minion-tracker/main.go:110.2,110.42 1 0
github.com/mrrc/minion-tracker/main.go:113.59,115.41 2 0
github.com/mrrc/minion-tracker/main.go:115.41,118.3 2 0
github.com/mrrc/minion-tracker/main.go:119.2,119.20 1 0
github.com/mrrc/minion-tracker/main.go:122.57,125.16 3 0
github.com/mrrc/minion-tracker/main.go:125.16,128.3 2 0
github.com/mrrc/minion-tracker/main.go:129.2,129.42 1 0
github.com/mrrc/minion-tracker/main.go:132.65,135.16 3 0
github.com/mrrc/minion-tracker/main.go:135.16,138.3 2 0
github.com/mrrc/minion-tracker/main.go:139.2,139.41 1 0
github.com/mrrc/minion-tracker/main.go:142.61,148.16 5 0
github.com/mrrc/minion-tracker/main.go:148.16,151.3 2 0
github.com/mrrc/minion-tracker/main.go:152.2,152.42 1 0
github.com/mrrc/minion-tracker/main.go:155.61,158.16 3 0
github.com/mrrc/minion-tracker/main.go:158.16,161.3 2 0
github.com/mrrc/minion-tracker/main.go:162.2,162.39 1 0
